--- Job woodCarving.gms Start 09/13/20 22:54:41 32.1.0 r75a5b5d DEX-DEG x86 64bit/Mac OS X
--- Applying:
    /Library/Frameworks/GAMS.framework/Versions/32/Resources/gmsprmun.txt
    /Users/sofiaalvarezlopez/Library/Preferences/GAMS/gamsconfig.yaml
--- GAMS Parameters defined
    Input "/Users/sofiaalvarezlopez/Documents/Universidad/Séptimo Semestre/MOS/Ejercicios GAMS/WoodCarving/woodCarving.gms"
    PageSize 0
    ScrDir "/Users/sofiaalvarezlopez/Documents/Universidad/Séptimo Semestre/MOS/Ejercicios GAMS/WoodCarving/225a/"
    SysDir /Library/Frameworks/GAMS.framework/Versions/32/Resources/
    LogOption 3
    ErrMsg 1
    ErrorLog 99
    IDE 1
    LstTitleLeftAligned 1
GAMS 32.1.0   Copyright (C) 1987-2020 GAMS Development. All rights reserved
Licensee: GAMS Demo license for Sofia Alvarez            G200818|0002CO-GEN
          Universidad de los Andes, Colombia                       DL015037
          /Users/sofiaalvarezlopez/Library/Application Support/GAMS/gamslice.txt
          ms.alvarezl@uniandes.edu.co, Sofia Alvarez                       
          Demo license for demonstration and instructional purposes only
--- Starting compilation
--- woodCarving.gms(69) 2 Mb
--- Starting execution: elapsed 0:00:00.012
--- woodCarving.gms(61) 3 Mb
--- Generating LP model Transport
--- woodCarving.gms(63) 3 Mb
---   3 rows  3 columns  7 non-zeroes
--- Executing CPLEX (Solvelink=2): elapsed 0:00:00.023
IBM ILOG CPLEX   32.1.0 r75a5b5d Released Jul 31, 2020 DEG x86 64bit/Mac OS X 
*** This solver runs with a demo license. No commercial use.
Cplex 12.10.0.0
Reading data...
Starting Cplex...
Space for names approximately 0.00 Mb
Use option 'names no' to turn use of names off
Version identifier: 12.10.0.0 | 2019-11-26 | 843d4de
CPXPARAM_Advance                                 0
CPXPARAM_Simplex_Display                         2
CPXPARAM_Threads                                 1
CPXPARAM_Parallel                                1
Tried aggregator 1 time.
LP Presolve eliminated 3 rows and 3 columns.
All rows and columns eliminated.
Presolve time = 0.00 sec. (0.00 ticks)
LP status(1): optimal
Cplex Time: 0.00sec (det. 0.00 ticks)
Optimal solution found.
Objective :           0.000000
--- Reading solution for model Transport
--- Executing after solve: elapsed 0:00:00.070
--- woodCarving.gms(68) 3 Mb
*** Status: Normal completion
--- Job woodCarving.gms Stop 09/13/20 22:54:41 elapsed 0:00:00.071
